2017/04/11 19:14:00 にビルドを開始しました。
     1>ノード 2 上のプロジェクト "C:\Users\fumi0\Source\Repos\agz_AutoMoveCam2.02\agz_AutoMoveCam_2.0\agz_AutoMoveCam_2.0.vcxproj" (Build ターゲット)。
     1>ClCompile:
         C:\Program Files (x86)\Microsoft Visual Studio 12.0\VC\bin\CL.exe /c /ZI /nologo /W3 /WX- /sdl /Od /Oy- /D _MBCS /Gm /EHsc /RTC1 /MDd /GS /fp:precise /Zc:wchar_t /Zc:forScope /Fo"Debug\\" /Fd"Debug\vc120.pdb" /Gd /TP /wd4996 /analyze- /errorReport:prompt SOM.cpp
         SOM.cpp
     1>c:\users\fumi0\source\repos\agz_automovecam2.02\library\opencv3\build\include\opencv2\core\mat.hpp(1965): warning C4819: ファイルは、現在のコード ページ (932) で表示できない文字を含んでいます。データの損失を防ぐために、ファイルを Unicode 形式で保存してください。
     1>c:\users\fumi0\source\repos\agz_automovecam2.02\library\opencv3\build\include\opencv2\core\persistence.hpp : warning C4819: ファイルは、現在のコード ページ (932) で表示できない文字を含んでいます。データの損失を防ぐために、ファイルを Unicode 形式で保存してください。
     1>c:\users\fumi0\source\repos\agz_automovecam2.02\library\opencv3\build\include\opencv2\core\utility.hpp : warning C4819: ファイルは、現在のコード ページ (932) で表示できない文字を含んでいます。データの損失を防ぐために、ファイルを Unicode 形式で保存してください。
     1>c:\users\fumi0\source\repos\agz_automovecam2.02\agz_automovecam_2.0\som.cpp(84): warning C4244: '=' : 'float' から 'int' への変換です。データが失われる可能性があります。
     1>c:\users\fumi0\source\repos\agz_automovecam2.02\agz_automovecam_2.0\som.cpp(87): warning C4244: '=' : 'float' から 'int' への変換です。データが失われる可能性があります。
     1>c:\users\fumi0\source\repos\agz_automovecam2.02\agz_automovecam_2.0\som.cpp(91): warning C4244: '=' : 'float' から 'int' への変換です。データが失われる可能性があります。
     1>c:\users\fumi0\source\repos\agz_automovecam2.02\agz_automovecam_2.0\som.cpp(94): warning C4244: '=' : 'float' から 'int' への変換です。データが失われる可能性があります。
     1>c:\users\fumi0\source\repos\agz_automovecam2.02\agz_automovecam_2.0\som.cpp(102): warning C4244: '=' : 'float' から 'int' への変換です。データが失われる可能性があります。
     1>c:\users\fumi0\source\repos\agz_automovecam2.02\agz_automovecam_2.0\som.cpp(108): warning C4244: '引数' : 'int' から 'float' への変換です。データが失われる可能性があります。
     1>c:\users\fumi0\source\repos\agz_automovecam2.02\agz_automovecam_2.0\som.cpp(109): warning C4244: '引数' : 'int' から 'float' への変換です。データが失われる可能性があります。
     1>c:\users\fumi0\source\repos\agz_automovecam2.02\agz_automovecam_2.0\som.cpp(110): warning C4244: '引数' : 'int' から 'float' への変換です。データが失われる可能性があります。
     1>c:\users\fumi0\source\repos\agz_automovecam2.02\agz_automovecam_2.0\som.cpp(111): warning C4244: '引数' : 'int' から 'float' への変換です。データが失われる可能性があります。
     1>c:\users\fumi0\source\repos\agz_automovecam2.02\agz_automovecam_2.0\som.cpp(157): warning C4018: '<' : signed と unsigned の数値を比較しようとしました。
     1>c:\users\fumi0\source\repos\agz_automovecam2.02\agz_automovecam_2.0\som.cpp(177): warning C4244: '引数' : 'int' から 'float' への変換です。データが失われる可能性があります。
     1>c:\users\fumi0\source\repos\agz_automovecam2.02\agz_automovecam_2.0\som.cpp(312): warning C4244: '引数' : 'int' から 'float' への変換です。データが失われる可能性があります。
     1>c:\users\fumi0\source\repos\agz_automovecam2.02\agz_automovecam_2.0\som.cpp(324): warning C4018: '<' : signed と unsigned の数値を比較しようとしました。
     1>c:\users\fumi0\source\repos\agz_automovecam2.02\agz_automovecam_2.0\som.cpp(326): warning C4018: '<' : signed と unsigned の数値を比較しようとしました。
     1>c:\users\fumi0\source\repos\agz_automovecam2.02\agz_automovecam_2.0\som.cpp(367): warning C4018: '<' : signed と unsigned の数値を比較しようとしました。
     1>c:\users\fumi0\source\repos\agz_automovecam2.02\agz_automovecam_2.0\som.cpp(368): warning C4018: '<' : signed と unsigned の数値を比較しようとしました。
     1>c:\users\fumi0\source\repos\agz_automovecam2.02\agz_automovecam_2.0\som.cpp(376): warning C4018: '<' : signed と unsigned の数値を比較しようとしました。
     1>c:\users\fumi0\source\repos\agz_automovecam2.02\agz_automovecam_2.0\som.cpp(377): warning C4018: '<' : signed と unsigned の数値を比較しようとしました。
     1>c:\users\fumi0\source\repos\agz_automovecam2.02\agz_automovecam_2.0\som.cpp(439): warning C4018: '<' : signed と unsigned の数値を比較しようとしました。
     1>c:\users\fumi0\source\repos\agz_automovecam2.02\agz_automovecam_2.0\som.cpp(441): warning C4244: '=' : 'double' から 'float' への変換です。データが失われる可能性があります。
     1>c:\users\fumi0\source\repos\agz_automovecam2.02\agz_automovecam_2.0\som.cpp(442): warning C4244: '=' : 'double' から 'float' への変換です。データが失われる可能性があります。
       Link:
         C:\Program Files (x86)\Microsoft Visual Studio 12.0\VC\bin\link.exe /ERRORREPORT:PROMPT /OUT:"C:\Users\fumi0\Source\Repos\agz_AutoMoveCam2.02\Debug\agz_AutoMoveCam_2.0.exe" /INCREMENTAL /NOLOGO opencv_ts300d.lib opencv_world300d.lib SSK.lib /MANIFEST /MANIFESTUAC:"level='asInvoker' uiAccess='false'" /manifest:embed /DEBUG /PDB:"C:\Users\fumi0\Source\Repos\agz_AutoMoveCam2.02\Debug\agz_AutoMoveCam_2.0.pdb" /TLBID:1 /DYNAMICBASE /NXCOMPAT /IMPLIB:"C:\Users\fumi0\Source\Repos\agz_AutoMoveCam2.02\Debug\agz_AutoMoveCam_2.0.lib" /MACHINE:X86 Debug\Contorl.obj
         Debug\Img_Proc.obj
         Debug\main.obj
         Debug\SOM.obj
         Debug\Xbee_com.obj
         agz_AutoMoveCam_2.0.vcxproj -> C:\Users\fumi0\Source\Repos\agz_AutoMoveCam2.02\Debug\agz_AutoMoveCam_2.0.exe
     1>プロジェクト "C:\Users\fumi0\Source\Repos\agz_AutoMoveCam2.02\agz_AutoMoveCam_2.0\agz_AutoMoveCam_2.0.vcxproj" (Build ターゲット) のビルドが完了しました。

ビルドに成功しました。

経過時間 00:00:00.85
